<?xml version="1.0" encoding="UTF-8"?>
<!-- Generated by org.testng.reporters.JUnitReportReporter -->
<testsuite hostname="DESKTOP-0LTRMED" name="com.actitime.tests.DemoMaven" tests="1" failures="0" timestamp="2 Nov 2020 05:22:44 GMT" time="0.048" errors="0">
  <testcase name="demoM" time="0.048" classname="com.actitime.tests.DemoMaven"/>
</testsuite> <!-- com.actitime.tests.DemoMaven -->
